[debug] [2024-06-19T11:59:48.850Z] ----------------------------------------------------------------------
[debug] [2024-06-19T11:59:48.853Z] Command:       /usr/bin/node /usr/bin/firebase init
[debug] [2024-06-19T11:59:48.854Z] CLI Version:   13.11.2
[debug] [2024-06-19T11:59:48.854Z] Platform:      linux
[debug] [2024-06-19T11:59:48.855Z] Node Version:  v20.14.0
[debug] [2024-06-19T11:59:48.855Z] Time:          Wed Jun 19 2024 17:29:48 GMT+0530 (India Standard Time)
[debug] [2024-06-19T11:59:48.855Z] ----------------------------------------------------------------------
[debug] 
[debug] [2024-06-19T11:59:48.862Z] > command requires scopes: ["email","openid","https://www.googleapis.com/auth/cloudplatformprojects.readonly","https://www.googleapis.com/auth/firebase","https://www.googleapis.com/auth/cloud-platform"]
[debug] [2024-06-19T11:59:48.862Z] > authorizing via signed-in user (ak956901@gmail.com)
[info] 
     ######## #### ########  ######## ########     ###     ######  ########
     ##        ##  ##     ## ##       ##     ##  ##   ##  ##       ##
     ######    ##  ########  ######   ########  #########  ######  ######
     ##        ##  ##    ##  ##       ##     ## ##     ##       ## ##
     ##       #### ##     ## ######## ########  ##     ##  ######  ########

You're about to initialize a Firebase project in this directory:

  /home/ashutosh/Projects/Firebase/firebase-tut

[info] 
=== Project Setup
[info] 
[info] First, let's associate this project directory with a Firebase project.
[info] You can create multiple project aliases by running firebase use --add, 
[info] but for now we'll just set up a default project.
[info] 
[debug] [2024-06-19T12:01:05.481Z] >>> [apiv2][query] GET https://firebase.googleapis.com/v1beta1/projects pageSize=100
[debug] [2024-06-19T12:01:06.266Z] <<< [apiv2][status] GET https://firebase.googleapis.com/v1beta1/projects 200
[debug] [2024-06-19T12:01:06.266Z] <<< [apiv2][body] GET https://firebase.googleapis.com/v1beta1/projects [omitted]
[info] i  Using project fir-course-f38fa (Firebase-Course) 
[info] 
=== Hosting Setup
[debug] [2024-06-19T12:01:37.551Z] >>> [apiv2][query] GET https://firebase.googleapis.com/v1beta1/projects/fir-course-f38fa [none]
[debug] [2024-06-19T12:01:38.712Z] <<< [apiv2][status] GET https://firebase.googleapis.com/v1beta1/projects/fir-course-f38fa 200
[debug] [2024-06-19T12:01:38.713Z] <<< [apiv2][body] GET https://firebase.googleapis.com/v1beta1/projects/fir-course-f38fa {"projectId":"fir-course-f38fa","projectNumber":"156304712400","displayName":"Firebase-Course","name":"projects/fir-course-f38fa","resources":{"hostingSite":"fir-course-f38fa","storageBucket":"fir-course-f38fa.appspot.com","locationId":"asia-south1"},"state":"ACTIVE","etag":"1_1c781b7d-787f-4e50-8b6d-d66161429576"}
[info] 
[info] Your public directory is the folder (relative to your project directory) that
[info] will contain Hosting assets to be uploaded with firebase deploy. If you
[info] have a build process for your assets, use your build's output directory.
[info] 
[info] ✔  Wrote public/404.html 
[debug] [2024-06-19T12:02:29.770Z] >>> [apiv2][query] GET https://www.gstatic.com/firebasejs/releases.json [none]
[debug] [2024-06-19T12:02:30.021Z] <<< [apiv2][status] GET https://www.gstatic.com/firebasejs/releases.json 200
[debug] [2024-06-19T12:02:30.021Z] <<< [apiv2][body] GET https://www.gstatic.com/firebasejs/releases.json {"current":{"version":"10.12.2","browserURL":"https://www.gstatic.com/firebasejs/10.12.2/firebase.js","packageURL":"https://www.gstatic.com/firebasejs/10.12.2/firebase.tgz"},"live":{"version":"10.12","browserURL":"https://www.gstatic.com/firebasejs/live/10.12/firebase.js","packageURL":"https://www.gstatic.com/firebasejs/live/10.12/firebase.tgz"},"components":{"analytics":"https://www.gstatic.com/firebasejs/10.12.2/firebase-analytics.js","app":"https://www.gstatic.com/firebasejs/10.12.2/firebase-app.js","app-check":"https://www.gstatic.com/firebasejs/10.12.2/firebase-app-check.js","auth":"https://www.gstatic.com/firebasejs/10.12.2/firebase-auth.js","auth/cordova":"https://www.gstatic.com/firebasejs/10.12.2/firebase-auth/cordova.js","auth/web-extension":"https://www.gstatic.com/firebasejs/10.12.2/firebase-auth/web-extension.js","functions":"https://www.gstatic.com/firebasejs/10.12.2/firebase-functions.js","firestore":"https://www.gstatic.com/firebasejs/10.12.2/firebase-firestore.js","firestore/lite":"https://www.gstatic.com/firebasejs/10.12.2/firebase-firestore/lite.js","installations":"https://www.gstatic.com/firebasejs/10.12.2/firebase-installations.js","storage":"https://www.gstatic.com/firebasejs/10.12.2/firebase-storage.js","performance":"https://www.gstatic.com/firebasejs/10.12.2/firebase-performance.js","remote-config":"https://www.gstatic.com/firebasejs/10.12.2/firebase-remote-config.js","messaging":"https://www.gstatic.com/firebasejs/10.12.2/firebase-messaging.js","messaging/sw":"https://www.gstatic.com/firebasejs/10.12.2/firebase-messaging/sw.js","database":"https://www.gstatic.com/firebasejs/10.12.2/firebase-database.js","vertexai-preview":"https://www.gstatic.com/firebasejs/10.12.2/firebase-vertexai-preview.js","firestore.memory":"https://www.gstatic.com/firebasejs/10.12.2/firebase-firestore.memory.js"}}
[info] i  Skipping write of public/index.html 
[info] 
[info] i  Detected a .git folder at /home/ashutosh/Projects/Firebase/firebase-tut 
[info] i  Authorizing with GitHub to upload your service account to a GitHub repository's secrets store. 
[info] 
[info] Visit this URL on this device to log in:
[info] https://github.com/login/oauth/authorize?client_id=89cf50f02ac6aaed3484&state=311515676&redirect_uri=http%3A%2F%2Flocalhost%3A9005&scope=read%3Auser%20repo%20public_repo
[info] 
[info] Waiting for authentication...
[debug] [2024-06-19T12:02:56.458Z] >>> [apiv2][query] POST https://github.com/login/oauth/access_token [none]
[debug] [2024-06-19T12:02:56.459Z] >>> [apiv2][body] POST https://github.com/login/oauth/access_token [stream]
[debug] [2024-06-19T12:02:56.857Z] <<< [apiv2][status] POST https://github.com/login/oauth/access_token 200
[debug] [2024-06-19T12:02:56.858Z] <<< [apiv2][body] POST https://github.com/login/oauth/access_token {"access_token":"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","token_type":"bearer","scope":"read:user,repo"}
[debug] [2024-06-19T12:02:56.867Z] >>> [apiv2][query] GET https://api.github.com/user [none]
[debug] [2024-06-19T12:02:57.320Z] <<< [apiv2][status] GET https://api.github.com/user 200
[debug] [2024-06-19T12:02:57.320Z] <<< [apiv2][body] GET https://api.github.com/user {"login":"ash956901","id":123724919,"node_id":"U_kgDOB1_kdw","avatar_url":"https://avatars.githubusercontent.com/u/123724919?v=4","gravatar_id":"","url":"https://api.github.com/users/ash956901","html_url":"https://github.com/ash956901","followers_url":"https://api.github.com/users/ash956901/followers","following_url":"https://api.github.com/users/ash956901/following{/other_user}","gists_url":"https://api.github.com/users/ash956901/gists{/gist_id}","starred_url":"https://api.github.com/users/ash956901/starred{/owner}{/repo}","subscriptions_url":"https://api.github.com/users/ash956901/subscriptions","organizations_url":"https://api.github.com/users/ash956901/orgs","repos_url":"https://api.github.com/users/ash956901/repos","events_url":"https://api.github.com/users/ash956901/events{/privacy}","received_events_url":"https://api.github.com/users/ash956901/received_events","type":"User","site_admin":false,"name":"Ashutosh Kumar","company":"@securitb ","blog":"https://portfolio-five-rho-46.vercel.app/","location":"Bangalore, India","email":null,"hireable":true,"bio":"Passionate C++ coder and Developer from Bangalore. Thriving on data structures, algorithms, and MERN stack. Constant learner, always seeking new opportunities","twitter_username":"ak956901","public_repos":16,"public_gists":0,"followers":5,"following":1,"created_at":"2023-01-27T08:10:33Z","updated_at":"2024-05-24T16:27:16Z","private_gists":0,"total_private_repos":8,"owned_private_repos":8,"disk_usage":104235,"collaborators":0,"two_factor_authentication":false,"plan":{"name":"free","space":976562499,"collaborators":0,"private_repos":10000}}
[info] 
[info] ✔  Success! Logged into GitHub as ash956901 
[info] 
